<?xml version="1.0" encoding="utf-8"?><testsuites name="pytest tests"><testsuite name="pytest" errors="0" failures="1" skipped="0" tests="42" time="64.524" timestamp="2026-04-29T22:48:51.819413+00:00" hostname="agent-env-6e09d1aa-1f1b-4be4-b86e-b22ba49cdbca"><testcase classname="tests.test_phase8_1_employee_qa.TestIdentityModule" name="test_raw_strip_fields_narrowed" time="0.048" /><testcase classname="tests.test_phase8_1_employee_qa.TestIdentityModule" name="test_strip_sensitive_for_raw" time="0.000" /><testcase classname="tests.test_phase8_1_employee_qa.TestIdentityModule" name="test_employee_context_block_emits_user_profile_json" time="0.000" /><testcase classname="tests.test_phase8_1_employee_qa.TestIdentityModule" name="test_directory_tools_count_and_names" time="0.001" /><testcase classname="tests.test_phase8_1_employee_qa.TestIdentityModule" name="test_directory_search_employees_new_params" time="0.000" /><testcase classname="tests.test_phase8_1_employee_qa.TestSelfQueriesNoDirectory" name="test_self_query_no_directory_tool[What is my employee ID?]" time="3.466" /><testcase classname="tests.test_phase8_1_employee_qa.TestSelfQueriesNoDirectory" name="test_self_query_no_directory_tool[Who is my HRBP?]" time="2.965" /><testcase classname="tests.test_phase8_1_employee_qa.TestSelfQueriesNoDirectory" name="test_self_query_no_directory_tool[Who is my manager?]" time="3.165" /><testcase classname="tests.test_phase8_1_employee_qa.TestSelfQueriesNoDirectory" name="test_self_query_no_directory_tool[When did I join SMIFS?]" time="2.957" /><testcase classname="tests.test_phase8_1_employee_qa.TestSelfQueriesNoDirectory" name="test_self_query_no_directory_tool[Am I on notice?]" time="2.741" /><testcase classname="tests.test_phase8_1_employee_qa.TestAboutOthersDirectory" name="test_about_others_fires_correct_tool[Tell me about Awanish Chandra-directory_lookup_employee]" time="1.837" /><testcase classname="tests.test_phase8_1_employee_qa.TestAboutOthersDirectory" name="test_about_others_fires_correct_tool[How many employees does SMIFS have?-directory_org_stats]" time="1.782" /><testcase classname="tests.test_phase8_1_employee_qa.TestAboutOthersDirectory" name="test_about_others_fires_correct_tool[Who is in the COMPLIANCE department?-directory_search_employees]" time="2.139" /><testcase classname="tests.test_phase8_1_employee_qa.TestAboutOthersDirectory" name="test_about_others_fires_correct_tool[What departments exist at SMIFS?-directory_departments]" time="1.728" /><testcase classname="tests.test_phase8_1_employee_qa.TestAboutOthersDirectory" name="test_about_others_fires_correct_tool[Who is my manager, and who does my manager report to?-directory_my_reporting_chain]" time="2.372" /><testcase classname="tests.test_phase8_1_employee_qa.TestOrchestratorRoleTriggerGuard" name="test_verified_user_employee_word_does_not_reset_auth" time="3.238" /><testcase classname="tests.test_phase8_1_employee_qa.TestPrivacyRawSnapshot" name="test_identity_raw_keeps_email_mobile_but_not_pan_bank" time="0.004" /><testcase classname="tests.test_phase8_1_employee_qa.TestVisitorCrossRoleGuard" name="test_visitor_on_notice_query_blocked" time="2.410" /><testcase classname="tests.test_phase8_1_employee_qa.TestLifecycleFieldRegression" name="test_lifecycle_present" time="0.151" /><testcase classname="tests.test_phase8_directory.TestDirectoryEmployee" name="test_org_stats_707" time="2.279" /><testcase classname="tests.test_phase8_directory.TestDirectoryEmployee" name="test_lookup_awanish" time="1.991" /><testcase classname="tests.test_phase8_directory.TestDirectoryEmployee" name="test_search_compliance" time="1.871" /><testcase classname="tests.test_phase8_directory.TestDirectoryEmployee" name="test_my_team_zero_reports" time="1.815" /><testcase classname="tests.test_phase8_directory.TestDirectoryEmployee" name="test_reporting_chain" time="2.278" /><testcase classname="tests.test_phase8_directory.TestDirectoryEmployee" name="test_departments_includes_wealth" time="1.724" /><testcase classname="tests.test_phase8_directory.TestVisitorNoDirectoryLeak" name="test_visitor_no_directory_blocks" time="1.207" /><testcase classname="tests.test_phase8_directory.TestPIIScrub" name="test_history_masks_email_and_pan" time="0.005" /><testcase classname="tests.test_phase8_directory.TestLifecycleField" name="test_lifecycle_in_sessions_response" time="0.139" /><testcase classname="tests.test_phase8_directory.TestRegression" name="test_health" time="1.167" /><testcase classname="tests.test_phase8_directory.TestRegression" name="test_signout_endpoint_exists" time="2.215" /><testcase classname="tests.test_phase8_directory.TestRegression" name="test_router_in_cost_ledger_not_gpt4o_mini" time="0.006" /><testcase classname="tests.test_phase7_lifecycle.TestTTLIndex" name="test_30d_ttl_index_exists" time="0.003" /><testcase classname="tests.test_phase7_lifecycle.TestIdentityHashStorageAndPII" name="test_employee_verify_writes_hashes_no_plaintext" time="0.478" /><testcase classname="tests.test_phase7_lifecycle.TestIdleExpiryAndResumeOffer" name="test_idle_turn_returns_new_sid_and_resume_offer" time="5.510" /><testcase classname="tests.test_phase7_lifecycle.TestRehydrationCandidatesEndpoint" name="test_get_candidates_returns_prior" time="0.069"><failure message="AssertionError: prior 95bb0225-e60a-403a-b4bc-488d9b12650c not in candidates ['1ba198f3-13ba-46ef-af70-c50466a4aa01', 'test-ph8-emp-7fb45209', 'test-ph81-emp-d399cbec']&#10;assert '95bb0225-e60a-403a-b4bc-488d9b12650c' in ['1ba198f3-13ba-46ef-af70-c50466a4aa01', 'test-ph8-emp-7fb45209', 'test-ph81-emp-d399cbec']">tests/test_phase7_lifecycle.py:203: in test_get_candidates_returns_prior
    assert prior_sid in pids, f"prior {prior_sid} not in candidates {pids}"
E   AssertionError: prior 95bb0225-e60a-403a-b4bc-488d9b12650c not in candidates ['1ba198f3-13ba-46ef-af70-c50466a4aa01', 'test-ph8-emp-7fb45209', 'test-ph81-emp-d399cbec']
E   assert '95bb0225-e60a-403a-b4bc-488d9b12650c' in ['1ba198f3-13ba-46ef-af70-c50466a4aa01', 'test-ph8-emp-7fb45209', 'test-ph81-emp-d399cbec']</failure></testcase><testcase classname="tests.test_phase7_lifecycle.TestResume" name="test_resume_matching_identity_succeeds" time="0.062" /><testcase classname="tests.test_phase7_lifecycle.TestResume" name="test_resume_cross_user_forbidden" time="0.057" /><testcase classname="tests.test_phase7_lifecycle.TestDeclineResume" name="test_decline_marks_priors_ended" time="0.052" /><testcase classname="tests.test_phase7_lifecycle.TestRateLimitingAndAuthStillWorks" name="test_basic_turn_ok" time="2.079" /><testcase classname="tests.test_phase7_lifecycle.TestRateLimitingAndAuthStillWorks" name="test_employee_verify_round_trip" time="0.321" /><testcase classname="tests.test_phase7_inheritance_regression.TestIdentityHashInheritance" name="test_new_session_inherits_identity_hashes_from_prior" time="2.414" /><testcase classname="tests.test_phase7_inheritance_regression.TestTurnResponseTopLevelFields" name="test_turn_response_exposes_prior_and_resume_offer_at_root" time="5.585" /></testsuite></testsuites>