<?xml version="1.0" encoding="utf-8"?><testsuites name="pytest tests"><testsuite name="pytest" errors="0" failures="0" skipped="0" tests="42" time="76.346" timestamp="2026-04-29T22:50:46.174731+00:00" hostname="agent-env-6e09d1aa-1f1b-4be4-b86e-b22ba49cdbca"><testcase classname="tests.test_phase8_1_employee_qa.TestIdentityModule" name="test_raw_strip_fields_narrowed" time="0.046" /><testcase classname="tests.test_phase8_1_employee_qa.TestIdentityModule" name="test_strip_sensitive_for_raw" time="0.000" /><testcase classname="tests.test_phase8_1_employee_qa.TestIdentityModule" name="test_employee_context_block_emits_user_profile_json" time="0.000" /><testcase classname="tests.test_phase8_1_employee_qa.TestIdentityModule" name="test_directory_tools_count_and_names" time="0.001" /><testcase classname="tests.test_phase8_1_employee_qa.TestIdentityModule" name="test_directory_search_employees_new_params" time="0.000" /><testcase classname="tests.test_phase8_1_employee_qa.TestSelfQueriesNoDirectory" name="test_self_query_no_directory_tool[What is my employee ID?]" time="5.372" /><testcase classname="tests.test_phase8_1_employee_qa.TestSelfQueriesNoDirectory" name="test_self_query_no_directory_tool[Who is my HRBP?]" time="4.646" /><testcase classname="tests.test_phase8_1_employee_qa.TestSelfQueriesNoDirectory" name="test_self_query_no_directory_tool[Who is my manager?]" time="4.319" /><testcase classname="tests.test_phase8_1_employee_qa.TestSelfQueriesNoDirectory" name="test_self_query_no_directory_tool[When did I join SMIFS?]" time="4.666" /><testcase classname="tests.test_phase8_1_employee_qa.TestSelfQueriesNoDirectory" name="test_self_query_no_directory_tool[Am I on notice?]" time="3.822" /><testcase classname="tests.test_phase8_1_employee_qa.TestAboutOthersDirectory" name="test_about_others_fires_correct_tool[Tell me about Awanish Chandra-directory_lookup_employee]" time="1.845" /><testcase classname="tests.test_phase8_1_employee_qa.TestAboutOthersDirectory" name="test_about_others_fires_correct_tool[How many employees does SMIFS have?-directory_org_stats]" time="1.776" /><testcase classname="tests.test_phase8_1_employee_qa.TestAboutOthersDirectory" name="test_about_others_fires_correct_tool[Who is in the COMPLIANCE department?-directory_search_employees]" time="1.766" /><testcase classname="tests.test_phase8_1_employee_qa.TestAboutOthersDirectory" name="test_about_others_fires_correct_tool[What departments exist at SMIFS?-directory_departments]" time="1.818" /><testcase classname="tests.test_phase8_1_employee_qa.TestAboutOthersDirectory" name="test_about_others_fires_correct_tool[Who is my manager, and who does my manager report to?-directory_my_reporting_chain]" time="2.606" /><testcase classname="tests.test_phase8_1_employee_qa.TestOrchestratorRoleTriggerGuard" name="test_verified_user_employee_word_does_not_reset_auth" time="4.366" /><testcase classname="tests.test_phase8_1_employee_qa.TestPrivacyRawSnapshot" name="test_identity_raw_keeps_email_mobile_but_not_pan_bank" time="0.004" /><testcase classname="tests.test_phase8_1_employee_qa.TestVisitorCrossRoleGuard" name="test_visitor_on_notice_query_blocked" time="3.832" /><testcase classname="tests.test_phase8_1_employee_qa.TestLifecycleFieldRegression" name="test_lifecycle_present" time="0.135" /><testcase classname="tests.test_phase8_directory.TestDirectoryEmployee" name="test_org_stats_707" time="2.304" /><testcase classname="tests.test_phase8_directory.TestDirectoryEmployee" name="test_lookup_awanish" time="1.893" /><testcase classname="tests.test_phase8_directory.TestDirectoryEmployee" name="test_search_compliance" time="1.752" /><testcase classname="tests.test_phase8_directory.TestDirectoryEmployee" name="test_my_team_zero_reports" time="1.900" /><testcase classname="tests.test_phase8_directory.TestDirectoryEmployee" name="test_reporting_chain" time="2.257" /><testcase classname="tests.test_phase8_directory.TestDirectoryEmployee" name="test_departments_includes_wealth" time="1.787" /><testcase classname="tests.test_phase8_directory.TestVisitorNoDirectoryLeak" name="test_visitor_no_directory_blocks" time="1.158" /><testcase classname="tests.test_phase8_directory.TestPIIScrub" name="test_history_masks_email_and_pan" time="0.005" /><testcase classname="tests.test_phase8_directory.TestLifecycleField" name="test_lifecycle_in_sessions_response" time="0.141" /><testcase classname="tests.test_phase8_directory.TestRegression" name="test_health" time="1.197" /><testcase classname="tests.test_phase8_directory.TestRegression" name="test_signout_endpoint_exists" time="2.806" /><testcase classname="tests.test_phase8_directory.TestRegression" name="test_router_in_cost_ledger_not_gpt4o_mini" time="0.006" /><testcase classname="tests.test_phase7_lifecycle.TestTTLIndex" name="test_30d_ttl_index_exists" time="0.004" /><testcase classname="tests.test_phase7_lifecycle.TestIdentityHashStorageAndPII" name="test_employee_verify_writes_hashes_no_plaintext" time="0.436" /><testcase classname="tests.test_phase7_lifecycle.TestIdleExpiryAndResumeOffer" name="test_idle_turn_returns_new_sid_and_resume_offer" time="6.908" /><testcase classname="tests.test_phase7_lifecycle.TestRehydrationCandidatesEndpoint" name="test_get_candidates_returns_prior" time="0.060" /><testcase classname="tests.test_phase7_lifecycle.TestResume" name="test_resume_matching_identity_succeeds" time="0.062" /><testcase classname="tests.test_phase7_lifecycle.TestResume" name="test_resume_cross_user_forbidden" time="0.056" /><testcase classname="tests.test_phase7_lifecycle.TestDeclineResume" name="test_decline_marks_priors_ended" time="0.071" /><testcase classname="tests.test_phase7_lifecycle.TestRateLimitingAndAuthStillWorks" name="test_basic_turn_ok" time="2.075" /><testcase classname="tests.test_phase7_lifecycle.TestRateLimitingAndAuthStillWorks" name="test_employee_verify_round_trip" time="0.312" /><testcase classname="tests.test_phase7_inheritance_regression.TestIdentityHashInheritance" name="test_new_session_inherits_identity_hashes_from_prior" time="2.352" /><testcase classname="tests.test_phase7_inheritance_regression.TestTurnResponseTopLevelFields" name="test_turn_response_exposes_prior_and_resume_offer_at_root" time="5.600" /></testsuite></testsuites>