<?xml version="1.0" encoding="utf-8"?><testsuites name="pytest tests"><testsuite name="pytest" errors="0" failures="1" skipped="0" tests="22" time="49.293" timestamp="2026-04-30T10:40:25.660160+00:00" hostname="agent-env-6e09d1aa-1f1b-4be4-b86e-b22ba49cdbca"><testcase classname="tests.test_phase10_role_gateway.TestFreshSession" name="test_fresh_session_get_returns_404" time="0.196" /><testcase classname="tests.test_phase10_role_gateway.TestSelectRole" name="test_select_role_client" time="0.108" /><testcase classname="tests.test_phase10_role_gateway.TestSelectRole" name="test_select_role_employee" time="0.100" /><testcase classname="tests.test_phase10_role_gateway.TestSelectRole" name="test_select_role_visitor" time="0.109" /><testcase classname="tests.test_phase10_role_gateway.TestClientVerification" name="test_client_verified_card_and_masked_rm_contact" time="0.898" /><testcase classname="tests.test_phase10_role_gateway.TestClientVerification" name="test_client_card_block_in_verification_response" time="0.111" /><testcase classname="tests.test_phase10_role_gateway.TestClientSelfQueries" name="test_client_profile_self_query[What is my risk profile?-expected_terms0]" time="3.877" /><testcase classname="tests.test_phase10_role_gateway.TestClientSelfQueries" name="test_client_profile_self_query[Who is my relationship manager?-expected_terms1]" time="4.509" /><testcase classname="tests.test_phase10_role_gateway.TestClientSelfQueries" name="test_client_profile_self_query[What segments am I active in?-expected_terms2]" time="4.582" /><testcase classname="tests.test_phase10_role_gateway.TestClientSelfQueries" name="test_client_profile_self_query[What city is my branch in?-expected_terms3]" time="4.584" /><testcase classname="tests.test_phase10_role_gateway.TestClientSelfQueries" name="test_client_profile_self_query[What is my account status?-expected_terms4]" time="5.033" /><testcase classname="tests.test_phase10_role_gateway.TestClientProductFallback" name="test_client_product_question_falls_back_to_rm[What is the minimum for Mackertich ONE PMS?]" time="2.721" /><testcase classname="tests.test_phase10_role_gateway.TestClientProductFallback" name="test_client_product_question_falls_back_to_rm[What is the historical NAV of Alchemy Smart Alpha?]" time="4.316"><failure message="AssertionError: missing escalation_card for 'What is the historical NAV of Alchemy Smart Alpha?': blocks=['text']&#10;assert None is not None">tests/test_phase10_role_gateway.py:302: in test_client_product_question_falls_back_to_rm
    assert escalation is not None, f"missing escalation_card for '{question}': blocks={_block_types(j)}"
E   AssertionError: missing escalation_card for 'What is the historical NAV of Alchemy Smart Alpha?': blocks=['text']
E   assert None is not None</failure></testcase><testcase classname="tests.test_phase10_role_gateway.TestClientProductFallback" name="test_client_product_question_falls_back_to_rm[What are the returns on Category II AIFs?]" time="2.739" /><testcase classname="tests.test_phase10_role_gateway.TestKnowledgeGating" name="test_visitor_product_question_no_smifs_citation" time="1.470" /><testcase classname="tests.test_phase10_role_gateway.TestKnowledgeGating" name="test_verified_client_product_question_no_smifs_citation" time="1.311" /><testcase classname="tests.test_phase10_role_gateway.TestKnowledgeGating" name="test_verified_employee_product_question_has_smifs_citation" time="4.030" /><testcase classname="tests.test_phase10_role_gateway.TestIdempotentRoleSwitch" name="test_employee_self_query_does_not_reset_state" time="5.000" /><testcase classname="tests.test_phase10_role_gateway.TestPrivacyRegression" name="test_no_plaintext_pan_in_conversations" time="0.072" /><testcase classname="tests.test_phase10_role_gateway.TestPrivacyRegression" name="test_sessions_identity_raw_contains_safe_fields_only" time="0.001" /><testcase classname="tests.test_phase10_role_gateway.TestClientFieldMap" name="test_field_map_file_exists" time="0.000" /><testcase classname="tests.test_phase10_role_gateway.TestHallucinationEvents" name="test_refused_events_logged" time="3.303" /></testsuite></testsuites>