<?xml version="1.0" encoding="utf-8"?><testsuites name="pytest tests"><testsuite name="pytest" errors="0" failures="0" skipped="0" tests="11" time="66.202" timestamp="2026-04-30T06:42:25.907576+00:00" hostname="agent-env-6e09d1aa-1f1b-4be4-b86e-b22ba49cdbca"><testcase classname="tests.test_phase9_knowledge.TestKnowledgeStatus" name="test_status_api_reachable_and_counts" time="0.297" /><testcase classname="tests.test_phase9_knowledge.TestKnowledgeStatus" name="test_status_requires_admin_token" time="0.118" /><testcase classname="tests.test_phase9_knowledge.TestKnowledgeSync" name="test_sync_delta_dry_run_no_writes" time="1.055" /><testcase classname="tests.test_phase9_knowledge.TestKnowledgeSync" name="test_sync_delta_real_then_idempotent" time="2.031" /><testcase classname="tests.test_phase9_knowledge.TestRagDebug" name="test_product_topic_gating_and_smifs_strong" time="35.324" /><testcase classname="tests.test_phase9_knowledge.TestRagDebug" name="test_source_weight_ordering_aif_top_is_smifs" time="1.634" /><testcase classname="tests.test_phase9_knowledge.TestAgentTurnKnowledgeCitations" name="test_verified_employee_gets_smifs_official_citations[What is Mackertich ONE?]" time="5.226" /><testcase classname="tests.test_phase9_knowledge.TestAgentTurnKnowledgeCitations" name="test_verified_employee_gets_smifs_official_citations[What products does Mackertich ONE offer?]" time="5.234" /><testcase classname="tests.test_phase9_knowledge.TestHallucinationRefusal" name="test_invented_product_refusal_no_specific_lockin" time="4.656" /><testcase classname="tests.test_phase9_knowledge.TestHallucinationRefusal" name="test_hallucination_events_accumulates" time="5.750" /><testcase classname="tests.test_phase9_knowledge.TestVisitorProductGating" name="test_visitor_product_query_no_upload_or_archive_sources" time="4.791" /></testsuite></testsuites>