<?xml version="1.0" encoding="utf-8"?><testsuites name="pytest tests"><testsuite name="pytest" errors="0" failures="1" skipped="0" tests="42" time="81.717" timestamp="2026-04-29T22:45:44.277871+00:00" hostname="agent-env-6e09d1aa-1f1b-4be4-b86e-b22ba49cdbca"><testcase classname="tests.test_phase8_1_employee_qa.TestIdentityModule" name="test_raw_strip_fields_narrowed" time="0.047" /><testcase classname="tests.test_phase8_1_employee_qa.TestIdentityModule" name="test_strip_sensitive_for_raw" time="0.000" /><testcase classname="tests.test_phase8_1_employee_qa.TestIdentityModule" name="test_employee_context_block_emits_user_profile_json" time="0.000" /><testcase classname="tests.test_phase8_1_employee_qa.TestIdentityModule" name="test_directory_tools_count_and_names" time="0.001" /><testcase classname="tests.test_phase8_1_employee_qa.TestIdentityModule" name="test_directory_search_employees_new_params" time="0.000" /><testcase classname="tests.test_phase8_1_employee_qa.TestSelfQueriesNoDirectory" name="test_self_query_no_directory_tool[What is my employee ID?]" time="5.657" /><testcase classname="tests.test_phase8_1_employee_qa.TestSelfQueriesNoDirectory" name="test_self_query_no_directory_tool[Who is my HRBP?]" time="4.595" /><testcase classname="tests.test_phase8_1_employee_qa.TestSelfQueriesNoDirectory" name="test_self_query_no_directory_tool[Who is my manager?]" time="4.859" /><testcase classname="tests.test_phase8_1_employee_qa.TestSelfQueriesNoDirectory" name="test_self_query_no_directory_tool[When did I join SMIFS?]" time="4.635" /><testcase classname="tests.test_phase8_1_employee_qa.TestSelfQueriesNoDirectory" name="test_self_query_no_directory_tool[Am I on notice?]" time="4.295" /><testcase classname="tests.test_phase8_1_employee_qa.TestAboutOthersDirectory" name="test_about_others_fires_correct_tool[Tell me about Awanish Chandra-directory_lookup_employee]" time="1.994" /><testcase classname="tests.test_phase8_1_employee_qa.TestAboutOthersDirectory" name="test_about_others_fires_correct_tool[How many employees does SMIFS have?-directory_org_stats]" time="1.828" /><testcase classname="tests.test_phase8_1_employee_qa.TestAboutOthersDirectory" name="test_about_others_fires_correct_tool[Who is in the COMPLIANCE department?-directory_search_employees]" time="1.789" /><testcase classname="tests.test_phase8_1_employee_qa.TestAboutOthersDirectory" name="test_about_others_fires_correct_tool[What departments exist at SMIFS?-directory_departments]" time="1.865" /><testcase classname="tests.test_phase8_1_employee_qa.TestAboutOthersDirectory" name="test_about_others_fires_correct_tool[Who is my manager, and who does my manager report to?-directory_my_reporting_chain]" time="2.493" /><testcase classname="tests.test_phase8_1_employee_qa.TestOrchestratorRoleTriggerGuard" name="test_verified_user_employee_word_does_not_reset_auth" time="4.234" /><testcase classname="tests.test_phase8_1_employee_qa.TestPrivacyRawSnapshot" name="test_identity_raw_keeps_email_mobile_but_not_pan_bank" time="0.004" /><testcase classname="tests.test_phase8_1_employee_qa.TestVisitorCrossRoleGuard" name="test_visitor_on_notice_query_blocked" time="5.082" /><testcase classname="tests.test_phase8_1_employee_qa.TestLifecycleFieldRegression" name="test_lifecycle_present" time="0.134" /><testcase classname="tests.test_phase8_directory.TestDirectoryEmployee" name="test_org_stats_707" time="2.466" /><testcase classname="tests.test_phase8_directory.TestDirectoryEmployee" name="test_lookup_awanish" time="1.915" /><testcase classname="tests.test_phase8_directory.TestDirectoryEmployee" name="test_search_compliance" time="1.744" /><testcase classname="tests.test_phase8_directory.TestDirectoryEmployee" name="test_my_team_zero_reports" time="1.827" /><testcase classname="tests.test_phase8_directory.TestDirectoryEmployee" name="test_reporting_chain" time="2.360" /><testcase classname="tests.test_phase8_directory.TestDirectoryEmployee" name="test_departments_includes_wealth" time="1.756" /><testcase classname="tests.test_phase8_directory.TestVisitorNoDirectoryLeak" name="test_visitor_no_directory_blocks" time="3.638" /><testcase classname="tests.test_phase8_directory.TestPIIScrub" name="test_history_masks_email_and_pan" time="0.004" /><testcase classname="tests.test_phase8_directory.TestLifecycleField" name="test_lifecycle_in_sessions_response" time="0.120" /><testcase classname="tests.test_phase8_directory.TestRegression" name="test_health" time="1.283" /><testcase classname="tests.test_phase8_directory.TestRegression" name="test_signout_endpoint_exists" time="2.194" /><testcase classname="tests.test_phase8_directory.TestRegression" name="test_router_in_cost_ledger_not_gpt4o_mini" time="0.008" /><testcase classname="tests.test_phase7_lifecycle.TestTTLIndex" name="test_30d_ttl_index_exists" time="0.004" /><testcase classname="tests.test_phase7_lifecycle.TestIdentityHashStorageAndPII" name="test_employee_verify_writes_hashes_no_plaintext" time="0.443" /><testcase classname="tests.test_phase7_lifecycle.TestIdleExpiryAndResumeOffer" name="test_idle_turn_returns_new_sid_and_resume_offer" time="7.137" /><testcase classname="tests.test_phase7_lifecycle.TestRehydrationCandidatesEndpoint" name="test_get_candidates_returns_prior" time="0.108"><failure message="AssertionError: prior ed6f4aa9-81b9-48c6-a54c-cd8f3235c145 not in candidates ['83840f86-d0df-46b2-b1dd-332630ef2d39', 'test-ph8-emp-3ad7091d', 'test-ph81-emp-ff2e3da3']&#10;assert 'ed6f4aa9-81b9-48c6-a54c-cd8f3235c145' in ['83840f86-d0df-46b2-b1dd-332630ef2d39', 'test-ph8-emp-3ad7091d', 'test-ph81-emp-ff2e3da3']">tests/test_phase7_lifecycle.py:203: in test_get_candidates_returns_prior
    assert prior_sid in pids, f"prior {prior_sid} not in candidates {pids}"
E   AssertionError: prior ed6f4aa9-81b9-48c6-a54c-cd8f3235c145 not in candidates ['83840f86-d0df-46b2-b1dd-332630ef2d39', 'test-ph8-emp-3ad7091d', 'test-ph81-emp-ff2e3da3']
E   assert 'ed6f4aa9-81b9-48c6-a54c-cd8f3235c145' in ['83840f86-d0df-46b2-b1dd-332630ef2d39', 'test-ph8-emp-3ad7091d', 'test-ph81-emp-ff2e3da3']</failure></testcase><testcase classname="tests.test_phase7_lifecycle.TestResume" name="test_resume_matching_identity_succeeds" time="0.068" /><testcase classname="tests.test_phase7_lifecycle.TestResume" name="test_resume_cross_user_forbidden" time="0.065" /><testcase classname="tests.test_phase7_lifecycle.TestDeclineResume" name="test_decline_marks_priors_ended" time="0.072" /><testcase classname="tests.test_phase7_lifecycle.TestRateLimitingAndAuthStillWorks" name="test_basic_turn_ok" time="2.163" /><testcase classname="tests.test_phase7_lifecycle.TestRateLimitingAndAuthStillWorks" name="test_employee_verify_round_trip" time="0.331" /><testcase classname="tests.test_phase7_inheritance_regression.TestIdentityHashInheritance" name="test_new_session_inherits_identity_hashes_from_prior" time="2.377" /><testcase classname="tests.test_phase7_inheritance_regression.TestTurnResponseTopLevelFields" name="test_turn_response_exposes_prior_and_resume_offer_at_root" time="5.905" /></testsuite></testsuites>