<?xml version="1.0" encoding="utf-8"?><testsuites name="pytest tests"><testsuite name="pytest" errors="0" failures="0" skipped="0" tests="15" time="11.739" timestamp="2026-05-29T11:31:56.796898+00:00" hostname="agent-env-6e09d1aa-1f1b-4be4-b86e-b22ba49cdbca"><testcase classname="tests.test_phase31_bmia_tools.TestBmiaDirectExecution" name="test_fund_decisions" time="1.394" /><testcase classname="tests.test_phase31_bmia_tools.TestBmiaDirectExecution" name="test_fund_portfolio_graceful_404" time="0.766" /><testcase classname="tests.test_phase31_bmia_tools.TestBmiaDirectExecution" name="test_litmus_positions" time="1.311" /><testcase classname="tests.test_phase31_bmia_tools.TestBmiaDirectExecution" name="test_litmus_cycles" time="0.990" /><testcase classname="tests.test_phase31_bmia_tools.TestBmiaDirectExecution" name="test_litmus_summary" time="0.769" /><testcase classname="tests.test_phase31_bmia_tools" name="test_router_classifies_to_pipeline[Show me recent BMIA consensus calls]" time="1.399" /><testcase classname="tests.test_phase31_bmia_tools" name="test_router_classifies_to_pipeline[long-term portfolio book]" time="1.401" /><testcase classname="tests.test_phase31_bmia_tools" name="test_router_classifies_to_pipeline[litmus paper trading win rate]" time="1.341" /><testcase classname="tests.test_phase31_bmia_tools" name="test_augment_with_bmia_cards_injects_all_five" time="0.015" /><testcase classname="tests.test_phase31_bmia_tools" name="test_augment_idempotent_against_existing_card" time="0.000" /><testcase classname="tests.test_phase31_bmia_tools" name="test_augment_ignores_failed_payload" time="0.000" /><testcase classname="tests.test_phase31_bmia_tools" name="test_fallback_chips_consensus_visitor" time="0.001" /><testcase classname="tests.test_phase31_bmia_tools" name="test_fallback_chips_litmus_employee" time="0.000" /><testcase classname="tests.test_phase31_bmia_tools" name="test_health_endpoint_ok" time="2.006" /><testcase classname="tests.test_phase31_bmia_tools" name="test_openapi_lists_routes" time="0.179" /></testsuite></testsuites>