<?xml version="1.0" encoding="utf-8"?><testsuites name="pytest tests"><testsuite name="pytest" errors="0" failures="2" skipped="0" tests="19" time="51.415" timestamp="2026-04-29T22:40:25.949510+00:00" hostname="agent-env-6e09d1aa-1f1b-4be4-b86e-b22ba49cdbca"><testcase classname="tests.test_phase8_1_employee_qa.TestIdentityModule" name="test_raw_strip_fields_narrowed" time="0.047" /><testcase classname="tests.test_phase8_1_employee_qa.TestIdentityModule" name="test_strip_sensitive_for_raw" time="0.000" /><testcase classname="tests.test_phase8_1_employee_qa.TestIdentityModule" name="test_employee_context_block_emits_user_profile_json" time="0.000" /><testcase classname="tests.test_phase8_1_employee_qa.TestIdentityModule" name="test_directory_tools_count_and_names" time="0.001" /><testcase classname="tests.test_phase8_1_employee_qa.TestIdentityModule" name="test_directory_search_employees_new_params" time="0.000" /><testcase classname="tests.test_phase8_1_employee_qa.TestSelfQueriesNoDirectory" name="test_self_query_no_directory_tool[What is my employee ID?]" time="5.058" /><testcase classname="tests.test_phase8_1_employee_qa.TestSelfQueriesNoDirectory" name="test_self_query_no_directory_tool[Who is my HRBP?]" time="4.405" /><testcase classname="tests.test_phase8_1_employee_qa.TestSelfQueriesNoDirectory" name="test_self_query_no_directory_tool[Who is my manager?]" time="4.479" /><testcase classname="tests.test_phase8_1_employee_qa.TestSelfQueriesNoDirectory" name="test_self_query_no_directory_tool[When did I join SMIFS?]" time="4.780" /><testcase classname="tests.test_phase8_1_employee_qa.TestSelfQueriesNoDirectory" name="test_self_query_no_directory_tool[Am I on notice?]" time="4.422" /><testcase classname="tests.test_phase8_1_employee_qa.TestAboutOthersDirectory" name="test_about_others_fires_correct_tool[Tell me about Awanish Chandra-directory_lookup_employee]" time="1.964" /><testcase classname="tests.test_phase8_1_employee_qa.TestAboutOthersDirectory" name="test_about_others_fires_correct_tool[How many employees does SMIFS have?-directory_org_stats]" time="1.835" /><testcase classname="tests.test_phase8_1_employee_qa.TestAboutOthersDirectory" name="test_about_others_fires_correct_tool[Who is in the COMPLIANCE department?-directory_search_employees]" time="1.744" /><testcase classname="tests.test_phase8_1_employee_qa.TestAboutOthersDirectory" name="test_about_others_fires_correct_tool[What departments exist at SMIFS?-directory_departments]" time="8.072"><failure message="AssertionError: 'What departments exist at SMIFS?' should fire directory_departments; got tools=[]; intent=KNOWLEDGE; btypes=['text']&#10;assert 'directory_departments' in []">tests/test_phase8_1_employee_qa.py:260: in test_about_others_fires_correct_tool
    assert expected_tool in tools, (
E   AssertionError: 'What departments exist at SMIFS?' should fire directory_departments; got tools=[]; intent=KNOWLEDGE; btypes=['text']
E   assert 'directory_departments' in []</failure></testcase><testcase classname="tests.test_phase8_1_employee_qa.TestAboutOthersDirectory" name="test_about_others_fires_correct_tool[Who is my manager, and who does my manager report to?-directory_my_reporting_chain]" time="5.420"><failure message="AssertionError: 'Who is my manager, and who does my manager report to?' should fire directory_my_reporting_chain; got tools=[]; intent=CLIENT_LOOKUP; btypes=['text', 'employee_card']&#10;assert 'directory_my_reporting_chain' in []">tests/test_phase8_1_employee_qa.py:260: in test_about_others_fires_correct_tool
    assert expected_tool in tools, (
E   AssertionError: 'Who is my manager, and who does my manager report to?' should fire directory_my_reporting_chain; got tools=[]; intent=CLIENT_LOOKUP; btypes=['text', 'employee_card']
E   assert 'directory_my_reporting_chain' in []</failure></testcase><testcase classname="tests.test_phase8_1_employee_qa.TestOrchestratorRoleTriggerGuard" name="test_verified_user_employee_word_does_not_reset_auth" time="4.918" /><testcase classname="tests.test_phase8_1_employee_qa.TestPrivacyRawSnapshot" name="test_identity_raw_keeps_email_mobile_but_not_pan_bank" time="0.004" /><testcase classname="tests.test_phase8_1_employee_qa.TestVisitorCrossRoleGuard" name="test_visitor_on_notice_query_blocked" time="3.914" /><testcase classname="tests.test_phase8_1_employee_qa.TestLifecycleFieldRegression" name="test_lifecycle_present" time="0.155" /></testsuite></testsuites>