<?xml version="1.0" encoding="utf-8"?><testsuites name="pytest tests"><testsuite name="pytest" errors="0" failures="2" skipped="0" tests="23" time="34.724" timestamp="2026-04-29T22:41:33.338487+00:00" hostname="agent-env-6e09d1aa-1f1b-4be4-b86e-b22ba49cdbca"><testcase classname="tests.test_phase7_lifecycle.TestTTLIndex" name="test_30d_ttl_index_exists" time="0.005" /><testcase classname="tests.test_phase7_lifecycle.TestIdentityHashStorageAndPII" name="test_employee_verify_writes_hashes_no_plaintext" time="0.519"><failure message="AssertionError: raw.email leaked into storage&#10;assert 'email' not in {'assigned_shift': '8:30 to 5:30', 'assigned_weekly_off': 'Saturday_Sunday (All Saturday, All Sunday)', 'band': 'N.A.', 'bu_cost_center_id': 'Capital Markets &amp; Advisory 001', ...}">tests/test_phase7_lifecycle.py:135: in test_employee_verify_writes_hashes_no_plaintext
    assert "email" not in raw, "raw.email leaked into storage"
E   AssertionError: raw.email leaked into storage
E   assert 'email' not in {'assigned_shift': '8:30 to 5:30', 'assigned_weekly_off': 'Saturday_Sunday (All Saturday, All Sunday)', 'band': 'N.A.', 'bu_cost_center_id': 'Capital Markets &amp; Advisory 001', ...}</failure></testcase><testcase classname="tests.test_phase7_lifecycle.TestIdleExpiryAndResumeOffer" name="test_idle_turn_returns_new_sid_and_resume_offer" time="7.385" /><testcase classname="tests.test_phase7_lifecycle.TestRehydrationCandidatesEndpoint" name="test_get_candidates_returns_prior" time="0.056" /><testcase classname="tests.test_phase7_lifecycle.TestResume" name="test_resume_matching_identity_succeeds" time="0.058" /><testcase classname="tests.test_phase7_lifecycle.TestResume" name="test_resume_cross_user_forbidden" time="0.053" /><testcase classname="tests.test_phase7_lifecycle.TestDeclineResume" name="test_decline_marks_priors_ended" time="0.062" /><testcase classname="tests.test_phase7_lifecycle.TestRateLimitingAndAuthStillWorks" name="test_basic_turn_ok" time="2.060" /><testcase classname="tests.test_phase7_lifecycle.TestRateLimitingAndAuthStillWorks" name="test_employee_verify_round_trip" time="0.363" /><testcase classname="tests.test_phase7_inheritance_regression.TestIdentityHashInheritance" name="test_new_session_inherits_identity_hashes_from_prior" time="2.437" /><testcase classname="tests.test_phase7_inheritance_regression.TestTurnResponseTopLevelFields" name="test_turn_response_exposes_prior_and_resume_offer_at_root" time="5.359" /><testcase classname="tests.test_phase8_directory.TestDirectoryEmployee" name="test_org_stats_707" time="2.285" /><testcase classname="tests.test_phase8_directory.TestDirectoryEmployee" name="test_lookup_awanish" time="1.690" /><testcase classname="tests.test_phase8_directory.TestDirectoryEmployee" name="test_search_compliance" time="1.755" /><testcase classname="tests.test_phase8_directory.TestDirectoryEmployee" name="test_my_team_zero_reports" time="1.827" /><testcase classname="tests.test_phase8_directory.TestDirectoryEmployee" name="test_reporting_chain" time="1.946"><failure message="assert 'directory_my_reporting_chain' in ['directory_field_value']&#10; +  where ['directory_field_value'] = _trace_tools({'blocks': [{'text': &quot;No employee matched 'user's own name'.&quot;, 'type': 'text'}], 'citations': [], 'intent': 'DIRECTORY_QUERY', 'model': None, ...})">tests/test_phase8_directory.py:176: in test_reporting_chain
    assert "directory_my_reporting_chain" in _trace_tools(j)
E   assert 'directory_my_reporting_chain' in ['directory_field_value']
E    +  where ['directory_field_value'] = _trace_tools({'blocks': [{'text': "No employee matched 'user's own name'.", 'type': 'text'}], 'citations': [], 'intent': 'DIRECTORY_QUERY', 'model': None, ...})</failure></testcase><testcase classname="tests.test_phase8_directory.TestDirectoryEmployee" name="test_departments_includes_wealth" time="1.753" /><testcase classname="tests.test_phase8_directory.TestVisitorNoDirectoryLeak" name="test_visitor_no_directory_blocks" time="1.214" /><testcase classname="tests.test_phase8_directory.TestPIIScrub" name="test_history_masks_email_and_pan" time="0.005" /><testcase classname="tests.test_phase8_directory.TestLifecycleField" name="test_lifecycle_in_sessions_response" time="0.179" /><testcase classname="tests.test_phase8_directory.TestRegression" name="test_health" time="1.338" /><testcase classname="tests.test_phase8_directory.TestRegression" name="test_signout_endpoint_exists" time="2.189" /><testcase classname="tests.test_phase8_directory.TestRegression" name="test_router_in_cost_ledger_not_gpt4o_mini" time="0.006" /></testsuite></testsuites>