<?xml version="1.0" encoding="utf-8"?><testsuites name="pytest tests"><testsuite name="pytest" errors="0" failures="0" skipped="0" tests="12" time="18.098" timestamp="2026-04-29T21:57:05.784997+00:00" hostname="agent-env-6e09d1aa-1f1b-4be4-b86e-b22ba49cdbca"><testcase classname="tests.test_phase8_directory.TestDirectoryEmployee" name="test_org_stats_707" time="2.171" /><testcase classname="tests.test_phase8_directory.TestDirectoryEmployee" name="test_lookup_awanish" time="1.400" /><testcase classname="tests.test_phase8_directory.TestDirectoryEmployee" name="test_search_compliance" time="1.563" /><testcase classname="tests.test_phase8_directory.TestDirectoryEmployee" name="test_my_team_zero_reports" time="1.598" /><testcase classname="tests.test_phase8_directory.TestDirectoryEmployee" name="test_reporting_chain" time="1.996" /><testcase classname="tests.test_phase8_directory.TestDirectoryEmployee" name="test_departments_includes_wealth" time="1.354" /><testcase classname="tests.test_phase8_directory.TestVisitorNoDirectoryLeak" name="test_visitor_no_directory_blocks" time="4.069" /><testcase classname="tests.test_phase8_directory.TestPIIScrub" name="test_history_masks_email_and_pan" time="0.006" /><testcase classname="tests.test_phase8_directory.TestLifecycleField" name="test_lifecycle_in_sessions_response" time="0.236" /><testcase classname="tests.test_phase8_directory.TestRegression" name="test_health" time="1.236" /><testcase classname="tests.test_phase8_directory.TestRegression" name="test_signout_endpoint_exists" time="2.302" /><testcase classname="tests.test_phase8_directory.TestRegression" name="test_router_in_cost_ledger_not_gpt4o_mini" time="0.007" /></testsuite></testsuites>