<?xml version="1.0" encoding="utf-8"?><testsuites name="pytest tests"><testsuite name="pytest" errors="0" failures="0" skipped="0" tests="2" time="9.931" timestamp="2026-04-29T21:05:29.868487+00:00" hostname="agent-env-6e09d1aa-1f1b-4be4-b86e-b22ba49cdbca"><testcase classname="tests.test_phase7_inheritance_regression.TestIdentityHashInheritance" name="test_new_session_inherits_identity_hashes_from_prior" time="2.802" /><testcase classname="tests.test_phase7_inheritance_regression.TestTurnResponseTopLevelFields" name="test_turn_response_exposes_prior_and_resume_offer_at_root" time="6.993" /></testsuite></testsuites>