<?xml version="1.0" encoding="utf-8"?><testsuites name="pytest tests"><testsuite name="pytest" errors="0" failures="2" skipped="0" tests="9" time="10.301" timestamp="2026-04-29T20:57:11.318672+00:00" hostname="agent-env-6e09d1aa-1f1b-4be4-b86e-b22ba49cdbca"><testcase classname="tests.test_phase7_lifecycle.TestTTLIndex" name="test_30d_ttl_index_exists" time="0.005" /><testcase classname="tests.test_phase7_lifecycle.TestIdentityHashStorageAndPII" name="test_employee_verify_writes_hashes_no_plaintext" time="0.702" /><testcase classname="tests.test_phase7_lifecycle.TestIdleExpiryAndResumeOffer" name="test_idle_turn_returns_new_sid_and_resume_offer" time="6.867" /><testcase classname="tests.test_phase7_lifecycle.TestRehydrationCandidatesEndpoint" name="test_get_candidates_returns_prior" time="0.053"><failure message="AssertionError: prior f94712b5-6262-42bc-b777-66daee61e4da not in candidates []&#10;assert 'f94712b5-6262-42bc-b777-66daee61e4da' in []">backend/tests/test_phase7_lifecycle.py:200: in test_get_candidates_returns_prior
    assert prior_sid in pids, f"prior {prior_sid} not in candidates {pids}"
E   AssertionError: prior f94712b5-6262-42bc-b777-66daee61e4da not in candidates []
E   assert 'f94712b5-6262-42bc-b777-66daee61e4da' in []</failure></testcase><testcase classname="tests.test_phase7_lifecycle.TestResume" name="test_resume_matching_identity_succeeds" time="0.063"><failure message="AssertionError: {&quot;detail&quot;:&quot;Identity keys do not match — cross-user resume denied&quot;}&#10;assert 403 == 200&#10; +  where 403 = &lt;Response [403]&gt;.status_code">backend/tests/test_phase7_lifecycle.py:217: in test_resume_matching_identity_succeeds
    assert r.status_code == 200, r.text
E   AssertionError: {"detail":"Identity keys do not match — cross-user resume denied"}
E   assert 403 == 200
E    +  where 403 = &lt;Response [403]&gt;.status_code</failure></testcase><testcase classname="tests.test_phase7_lifecycle.TestResume" name="test_resume_cross_user_forbidden" time="0.052" /><testcase classname="tests.test_phase7_lifecycle.TestDeclineResume" name="test_decline_marks_priors_ended" time="0.052" /><testcase classname="tests.test_phase7_lifecycle.TestRateLimitingAndAuthStillWorks" name="test_basic_turn_ok" time="1.949" /><testcase classname="tests.test_phase7_lifecycle.TestRateLimitingAndAuthStillWorks" name="test_employee_verify_round_trip" time="0.384" /></testsuite></testsuites>