<?xml version="1.0" encoding="utf-8"?><testsuites name="pytest tests"><testsuite name="pytest" errors="0" failures="0" skipped="1" tests="16" time="28.807" timestamp="2026-04-28T23:23:50.470206+00:00" hostname="agent-env-6e09d1aa-1f1b-4be4-b86e-b22ba49cdbca"><testcase classname="backend.tests.test_smifs_phase4_admin.TestAdminAuth" name="test_cost_without_token_401" time="0.189" /><testcase classname="backend.tests.test_smifs_phase4_admin.TestAdminAuth" name="test_cost_wrong_token_401" time="0.066" /><testcase classname="backend.tests.test_smifs_phase4_admin.TestAdminAuth" name="test_cost_correct_token_200" time="15.823" /><testcase classname="backend.tests.test_smifs_phase4_admin.TestAdminCost" name="test_cost_response_shape" time="1.059" /><testcase classname="backend.tests.test_smifs_phase4_admin.TestAdminInsights" name="test_insights_7d" time="1.059" /><testcase classname="backend.tests.test_smifs_phase4_admin.TestAdminInsights" name="test_insights_range_chips" time="0.110" /><testcase classname="backend.tests.test_smifs_phase4_admin.TestAdminLeads" name="test_list_all" time="9.028" /><testcase classname="backend.tests.test_smifs_phase4_admin.TestAdminLeads" name="test_list_status_new" time="0.053" /><testcase classname="backend.tests.test_smifs_phase4_admin.TestAdminLeads" name="test_lead_detail_with_transcript" time="0.114" /><testcase classname="backend.tests.test_smifs_phase4_admin.TestAdminLeads" name="test_lead_patch_status_and_notes" time="0.054"><skipped type="pytest.skip" message="no TEST_ lead available">/app/backend/tests/test_smifs_phase4_admin.py:180: no TEST_ lead available</skipped></testcase><testcase classname="backend.tests.test_smifs_phase4_admin.TestAdminDocs" name="test_docs_list" time="0.059" /><testcase classname="backend.tests.test_smifs_phase4_admin.TestAdminDocs" name="test_delete_seed_doc_refused" time="0.113" /><testcase classname="backend.tests.test_smifs_phase4_admin.TestAdminDocs" name="test_reingest_md_upload_search_delete" time="0.256" /><testcase classname="backend.tests.test_smifs_phase4_admin.TestAdminDocs" name="test_reingest_unsupported_extension_skipped" time="0.057" /><testcase classname="backend.tests.test_smifs_phase4_admin.TestAdminDocs" name="test_reingest_oversize_file_skipped" time="0.546" /><testcase classname="backend.tests.test_smifs_phase4_admin.TestTTLIndexes" name="test_ttl_indexes_present" time="0.070" /></testsuite></testsuites>