<?xml version="1.0" encoding="utf-8"?><testsuites name="pytest tests"><testsuite name="pytest" errors="0" failures="1" skipped="0" tests="10" time="49.411" timestamp="2026-04-28T22:57:53.049693+00:00" hostname="agent-env-6e09d1aa-1f1b-4be4-b86e-b22ba49cdbca"><testcase classname="backend.tests.test_smifs_phase3.TestVerificationHappyPath" name="test_full_verification_flow" time="23.277"><failure message="AssertionError: Reply should address user as 'Aarav': Here's a summary of the taxation for the asset classes in your portfolio:&#10;  &#10;  1. **Non-Convertible Debentures (NCDs)**:&#10;     - **Interest Income**: Taxed at your applicable slab rate.&#10;     - **Capital Gains**:&#10;       - If held for more than 12 months: Long-term capital gains at 10% without indexation.&#10;       - If held for 12 months or less: Short-term capital gains taxed at your slab rate.&#10;  &#10;  2. **AIF Cat II**&#10;assert 'aarav' in &quot;here's a summary of the taxation for the asset classes in your portfolio:\n\n1. **non-convertible debentures (ncds)**:\n   - **interest income**: taxed at your applicable slab rate.\n   - **capital gains**:\n     - if held for more than 12 months: long-term capital gains at 10% without indexation.\n     - if held for 12 months or less: short-term capital gains taxed at your slab rate.\n\n2. **aif cat ii**: the taxation specifics can vary based on the underlying assets of the aif. generally, it may involve capital gains tax similar to equity or debt, depending on the composition.\n\n3. **equity mutual funds**:\n   - **short-term capital gains** (held for less than 12 months): taxed at 15%.\n   - **long-term capital gains** (held for more than 12 months): taxed at 10% on gains above ₹1 lakh per financial year.\n\nfor personalized tax planning, i recommend consulting a qualified chartered accountant. would you like assistance connecting with a human advisor for further details?&quot;">backend/tests/test_smifs_phase3.py:95: in test_full_verification_flow
    assert "aarav" in t5l, f"Reply should address user as 'Aarav': {t5[:400]}"
E   AssertionError: Reply should address user as 'Aarav': Here's a summary of the taxation for the asset classes in your portfolio:
E     
E     1. **Non-Convertible Debentures (NCDs)**:
E        - **Interest Income**: Taxed at your applicable slab rate.
E        - **Capital Gains**:
E          - If held for more than 12 months: Long-term capital gains at 10% without indexation.
E          - If held for 12 months or less: Short-term capital gains taxed at your slab rate.
E     
E     2. **AIF Cat II**
E   assert 'aarav' in "here's a summary of the taxation for the asset classes in your portfolio:\n\n1. **non-convertible debentures (ncds)**:\n   - **interest income**: taxed at your applicable slab rate.\n   - **capital gains**:\n     - if held for more than 12 months: long-term capital gains at 10% without indexation.\n     - if held for 12 months or less: short-term capital gains taxed at your slab rate.\n\n2. **aif cat ii**: the taxation specifics can vary based on the underlying assets of the aif. generally, it may involve capital gains tax similar to equity or debt, depending on the composition.\n\n3. **equity mutual funds**:\n   - **short-term capital gains** (held for less than 12 months): taxed at 15%.\n   - **long-term capital gains** (held for more than 12 months): taxed at 10% on gains above ₹1 lakh per financial year.\n\nfor personalized tax planning, i recommend consulting a qualified chartered accountant. would you like assistance connecting with a human advisor for further details?"</failure></testcase><testcase classname="backend.tests.test_smifs_phase3.TestLockoutFlow" name="test_three_wrong_then_locked" time="0.271" /><testcase classname="backend.tests.test_smifs_phase3.TestUnknownCode" name="test_unknown_code_no_penalty" time="0.131" /><testcase classname="backend.tests.test_smifs_phase3.TestSessionEndpoints" name="test_get_session_404_for_unknown" time="0.052" /><testcase classname="backend.tests.test_smifs_phase3.TestSessionEndpoints" name="test_get_session_for_verified" time="0.655" /><testcase classname="backend.tests.test_smifs_phase3.TestSessionEndpoints" name="test_signout_resets_state" time="0.275" /><testcase classname="backend.tests.test_smifs_phase3.TestPhase012Unbroken" name="test_anon_knowledge_aif_still_grounded" time="7.147" /><testcase classname="backend.tests.test_smifs_phase3.TestPhase012Unbroken" name="test_anon_market_data_reliance" time="4.594" /><testcase classname="backend.tests.test_smifs_phase3.TestPhase012Unbroken" name="test_anon_lead_capture_ncd" time="6.808" /><testcase classname="backend.tests.test_smifs_phase3.TestPhase012Unbroken" name="test_legacy_chat_endpoint_works" time="6.046" /></testsuite></testsuites>