<?xml version="1.0" encoding="utf-8"?><testsuites name="pytest tests"><testsuite name="pytest" errors="0" failures="0" skipped="0" tests="9" time="10.634" timestamp="2026-04-29T21:04:43.999430+00:00" hostname="agent-env-6e09d1aa-1f1b-4be4-b86e-b22ba49cdbca"><testcase classname="tests.test_phase7_lifecycle.TestTTLIndex" name="test_30d_ttl_index_exists" time="0.005" /><testcase classname="tests.test_phase7_lifecycle.TestIdentityHashStorageAndPII" name="test_employee_verify_writes_hashes_no_plaintext" time="0.744" /><testcase classname="tests.test_phase7_lifecycle.TestIdleExpiryAndResumeOffer" name="test_idle_turn_returns_new_sid_and_resume_offer" time="7.136" /><testcase classname="tests.test_phase7_lifecycle.TestRehydrationCandidatesEndpoint" name="test_get_candidates_returns_prior" time="0.057" /><testcase classname="tests.test_phase7_lifecycle.TestResume" name="test_resume_matching_identity_succeeds" time="0.058" /><testcase classname="tests.test_phase7_lifecycle.TestResume" name="test_resume_cross_user_forbidden" time="0.055" /><testcase classname="tests.test_phase7_lifecycle.TestDeclineResume" name="test_decline_marks_priors_ended" time="0.059" /><testcase classname="tests.test_phase7_lifecycle.TestRateLimitingAndAuthStillWorks" name="test_basic_turn_ok" time="2.078" /><testcase classname="tests.test_phase7_lifecycle.TestRateLimitingAndAuthStillWorks" name="test_employee_verify_round_trip" time="0.307" /></testsuite></testsuites>