<?xml version="1.0" encoding="utf-8"?><testsuites name="pytest tests"><testsuite name="pytest" errors="0" failures="0" skipped="0" tests="27" time="18.773" timestamp="2026-05-25T19:19:29.262414+00:00" hostname="agent-env-6e09d1aa-1f1b-4be4-b86e-b22ba49cdbca"><testcase classname="tests.test_phase22_fingerprint_integration.TestFingerprintAdminBasics" name="test_summary_returns_thresholds_and_counters" time="0.124" /><testcase classname="tests.test_phase22_fingerprint_integration.TestFingerprintAdminBasics" name="test_summary_requires_admin_token" time="0.106" /><testcase classname="tests.test_phase22_fingerprint_integration.TestFingerprintAdminBasics" name="test_list_status_filters_return_arrays[active]" time="0.098" /><testcase classname="tests.test_phase22_fingerprint_integration.TestFingerprintAdminBasics" name="test_list_status_filters_return_arrays[flagged]" time="0.105" /><testcase classname="tests.test_phase22_fingerprint_integration.TestFingerprintAdminBasics" name="test_list_status_filters_return_arrays[blocked]" time="0.104" /><testcase classname="tests.test_phase22_fingerprint_integration.TestFingerprintAdminBasics" name="test_list_status_filters_return_arrays[trusted]" time="0.126" /><testcase classname="tests.test_phase22_fingerprint_integration.TestFingerprintRecording" name="test_chat_with_fp_header_lands_in_active_list" time="0.986" /><testcase classname="tests.test_phase22_fingerprint_integration.TestSilentBlock" name="test_blocked_chat_returns_silent_soft_failure" time="0.590" /><testcase classname="tests.test_phase22_fingerprint_integration.TestSilentBlock" name="test_blocked_agent_turn_returns_soft_error_blocks" time="0.574" /><testcase classname="tests.test_phase22_fingerprint_integration.TestSilentBlock" name="test_admin_endpoints_bypass_the_block" time="0.537" /><testcase classname="tests.test_phase22_fingerprint_integration.TestSilentBlock" name="test_silent_block_security_event_is_logged" time="1.508" /><testcase classname="tests.test_phase22_fingerprint_integration.TestUnblockTrustNoteAudit" name="test_unblock_restores_normal_chat" time="3.568" /><testcase classname="tests.test_phase22_fingerprint_integration.TestUnblockTrustNoteAudit" name="test_trust_clears_blocked_flag_and_allows_chat" time="3.608" /><testcase classname="tests.test_phase22_fingerprint_integration.TestUnblockTrustNoteAudit" name="test_note_is_appended_and_persisted" time="0.595" /><testcase classname="tests.test_phase22_fingerprint_integration.TestUnblockTrustNoteAudit" name="test_detail_returns_audit_trail_after_block_unblock_trust" time="0.758" /><testcase classname="tests.test_phase22_fingerprint_integration.TestNoFingerprintHeaderPassthrough" name="test_chat_without_fp_header_is_never_enforced" time="2.994" /><testcase classname="tests.test_phase22_fingerprint_integration.TestRegression" name="test_health_returns_llm_reachable" time="1.904" /><testcase classname="tests.test_phase22_fingerprint_integration.TestRegression" name="test_admin_leads_ok" time="0.126" /><testcase classname="tests.test_phase22_fingerprint_integration.TestRegression" name="test_admin_cost_ok" time="0.173" /><testcase classname="tests.test_phase22_fingerprint_integration.TestRegression" name="test_admin_sales_ok" time="0.124" /><testcase classname="tests.test_fingerprint_guard" name="test_single_client_binding_scores_zero" time="0.000" /><testcase classname="tests.test_fingerprint_guard" name="test_three_rapid_clients_triggers_block_threshold" time="0.000" /><testcase classname="tests.test_fingerprint_guard" name="test_time_decay_reduces_weight" time="0.000" /><testcase classname="tests.test_fingerprint_guard" name="test_rm_linkage_mitigator_keeps_legit_branch_device_below_flag" time="0.000" /><testcase classname="tests.test_fingerprint_guard" name="test_ip_jump_within_window_adds_50_points" time="0.000" /><testcase classname="tests.test_fingerprint_guard" name="test_silent_block_response_shapes_are_not_403" time="0.000" /><testcase classname="tests.test_fingerprint_guard" name="test_mask_identity_redacts_correctly" time="0.000" /></testsuite></testsuites>