<?xml version="1.0" encoding="utf-8"?><testsuites name="pytest tests"><testsuite name="pytest" errors="0" failures="1" skipped="0" tests="21" time="98.188" timestamp="2026-04-28T22:32:35.616157+00:00" hostname="agent-env-6e09d1aa-1f1b-4be4-b86e-b22ba49cdbca"><testcase classname="backend.tests.test_smifs_phase2.TestHealthPhase2" name="test_health_model_is_gpt_4o_mini" time="2.425" /><testcase classname="backend.tests.test_smifs_phase2.TestHealthPhase2" name="test_health_last_chat_model_after_turn" time="6.749" /><testcase classname="backend.tests.test_smifs_phase2.TestAgentTurnIntents" name="test_knowledge_aif" time="15.055" /><testcase classname="backend.tests.test_smifs_phase2.TestAgentTurnIntents" name="test_lead_capture_ncd_normalization" time="9.746" /><testcase classname="backend.tests.test_smifs_phase2.TestAgentTurnIntents" name="test_market_data_reliance" time="2.301" /><testcase classname="backend.tests.test_smifs_phase2.TestAgentTurnIntents" name="test_callback_request" time="2.142" /><testcase classname="backend.tests.test_smifs_phase2.TestAgentTurnIntents" name="test_client_lookup_without_code" time="2.928" /><testcase classname="backend.tests.test_smifs_phase2.TestAgentTurnIntents" name="test_client_lookup_with_code" time="9.684" /><testcase classname="backend.tests.test_smifs_phase2.TestAgentTurnIntents" name="test_escalation" time="5.860" /><testcase classname="backend.tests.test_smifs_phase2.TestAgentTurnIntents" name="test_small_talk" time="6.700" /><testcase classname="backend.tests.test_smifs_phase2.TestAgentTurnIntents" name="test_off_topic_no_fabrication" time="5.345"><failure message="AssertionError: intent=SMALL_TALK&#10;assert 'SMALL_TALK' in ('KNOWLEDGE', 'ESCALATION')">backend/tests/test_smifs_phase2.py:165: in test_off_topic_no_fabrication
    assert d["intent"] in ("KNOWLEDGE", "ESCALATION"), f"intent={d['intent']}"
E   AssertionError: intent=SMALL_TALK
E   assert 'SMALL_TALK' in ('KNOWLEDGE', 'ESCALATION')</failure></testcase><testcase classname="backend.tests.test_smifs_phase2.TestAgentTurnIntents" name="test_empty_message_422" time="0.045" /><testcase classname="backend.tests.test_smifs_phase2.TestAgentTurnStream" name="test_stream_status_then_result" time="9.898" /><testcase classname="backend.tests.test_smifs_phase2.TestLeads" name="test_leads_lead_capture_persists" time="0.135" /><testcase classname="backend.tests.test_smifs_phase2.TestLeads" name="test_leads_callback_persists" time="0.055" /><testcase classname="backend.tests.test_smifs_phase2.TestLeads" name="test_leads_unknown_form_type_400" time="0.081" /><testcase classname="backend.tests.test_smifs_phase2.TestChatLegacyCompat" name="test_chat_legacy_shape" time="6.736" /><testcase classname="backend.tests.test_smifs_phase2.TestConversationsPhase2" name="test_conversation_stores_intent_blocks_citations" time="7.418" /><testcase classname="backend.tests.test_smifs_phase2.TestPhase1Unchanged" name="test_rag_search_still_works" time="0.060" /><testcase classname="backend.tests.test_smifs_phase2.TestPhase1Unchanged" name="test_admin_reingest_token_works" time="4.598" /><testcase classname="backend.tests.test_smifs_phase2.TestPhase1Unchanged" name="test_docs_200" time="0.048" /></testsuite></testsuites>