<?xml version="1.0" encoding="utf-8"?><testsuites name="pytest tests"><testsuite name="pytest" errors="0" failures="0" skipped="0" tests="19" time="74.072" timestamp="2026-04-28T22:08:24.979723+00:00" hostname="agent-env-6e09d1aa-1f1b-4be4-b86e-b22ba49cdbca"><testcase classname="backend.tests.test_smifs_chat.TestHealth" name="test_health_ok_and_llm_reachable" time="1.364" /><testcase classname="backend.tests.test_smifs_chat.TestHealth" name="test_health_reports_rag_index" time="0.943" /><testcase classname="backend.tests.test_smifs_chat.TestDocs" name="test_swagger_docs" time="0.059" /><testcase classname="backend.tests.test_smifs_chat.TestDocs" name="test_openapi_json" time="0.061" /><testcase classname="backend.tests.test_smifs_chat.TestAdminReingest" name="test_reingest_requires_token" time="0.063" /><testcase classname="backend.tests.test_smifs_chat.TestAdminReingest" name="test_reingest_wrong_token" time="0.058" /><testcase classname="backend.tests.test_smifs_chat.TestAdminReingest" name="test_reingest_with_token" time="10.960" /><testcase classname="backend.tests.test_smifs_chat.TestRagSearch" name="test_rag_search_ncd" time="0.080" /><testcase classname="backend.tests.test_smifs_chat.TestRagSearch" name="test_rag_search_aif" time="0.065" /><testcase classname="backend.tests.test_smifs_chat.TestRagSearch" name="test_rag_search_empty_query_422" time="0.051" /><testcase classname="backend.tests.test_smifs_chat.TestChat" name="test_chat_new_session" time="2.809" /><testcase classname="backend.tests.test_smifs_chat.TestChat" name="test_chat_continues_session_with_memory" time="8.414" /><testcase classname="backend.tests.test_smifs_chat.TestChat" name="test_chat_empty_message_validation_error" time="0.054" /><testcase classname="backend.tests.test_smifs_chat.TestGroundedChat" name="test_chat_aif_grounded_with_citation" time="7.611" /><testcase classname="backend.tests.test_smifs_chat.TestGroundedChat" name="test_chat_off_topic_not_grounded_no_citations" time="3.604" /><testcase classname="backend.tests.test_smifs_chat.TestGroundedChat" name="test_conversation_includes_grounded_metadata" time="0.567" /><testcase classname="backend.tests.test_smifs_chat.TestGroundedChat" name="test_chat_session_continuity_with_topic" time="36.461" /><testcase classname="backend.tests.test_smifs_chat.TestConversations" name="test_get_conversation_returns_messages" time="0.616" /><testcase classname="backend.tests.test_smifs_chat.TestConversations" name="test_get_conversation_404_for_unknown" time="0.058" /></testsuite></testsuites>