<?xml version="1.0" encoding="utf-8"?><testsuites name="pytest tests"><testsuite name="pytest" errors="0" failures="0" skipped="0" tests="8" time="8.592" timestamp="2026-04-28T21:49:34.276890+00:00" hostname="agent-env-6e09d1aa-1f1b-4be4-b86e-b22ba49cdbca"><testcase classname="backend.tests.test_smifs_chat.TestHealth" name="test_health_ok_and_llm_reachable" time="1.368" /><testcase classname="backend.tests.test_smifs_chat.TestDocs" name="test_swagger_docs" time="0.052" /><testcase classname="backend.tests.test_smifs_chat.TestDocs" name="test_openapi_json" time="0.050" /><testcase classname="backend.tests.test_smifs_chat.TestChat" name="test_chat_new_session" time="2.117" /><testcase classname="backend.tests.test_smifs_chat.TestChat" name="test_chat_continues_session_with_memory" time="4.279" /><testcase classname="backend.tests.test_smifs_chat.TestChat" name="test_chat_empty_message_validation_error" time="0.048" /><testcase classname="backend.tests.test_smifs_chat.TestConversations" name="test_get_conversation_returns_messages" time="0.548" /><testcase classname="backend.tests.test_smifs_chat.TestConversations" name="test_get_conversation_404_for_unknown" time="0.054" /></testsuite></testsuites>